#
# A fatal error has been detected by the Java Runtime Environment:
#
#  EXCEPTION_ACCESS_VIOLATION (0xc0000005) at pc=0x00007ffc39894233, pid=4372, tid=1396
#
# JRE version: OpenJDK Runtime Environment Temurin-21.0.10+7 (21.0.10+7) (build 21.0.10+7-LTS)
# Java VM: OpenJDK 64-Bit Server VM Temurin-21.0.10+7 (21.0.10+7-LTS, mixed mode, sharing, tiered, compressed oops, compressed class ptrs, parallel gc, windows-amd64)
# Problematic frame:
# V  [jvm.dll+0x254233]
#
# No core dump will be written. Minidumps are not enabled by default on client versions of Windows
#
# If you would like to submit a bug report, please visit:
#   https://github.com/adoptium/adoptium-support/issues
#

---------------  S U M M A R Y ------------

Command Line: --add-modules=ALL-SYSTEM --add-opens=java.base/java.util=ALL-UNNAMED --add-opens=java.base/java.lang=ALL-UNNAMED --add-opens=java.base/sun.nio.fs=ALL-UNNAMED -Declipse.application=org.eclipse.jdt.ls.core.id1 -Dosgi.bundles.defaultStartLevel=4 -Declipse.product=org.eclipse.jdt.ls.core.product -Djava.import.generatesMetadataFilesAtProjectRoot=false -DDetectVMInstallationsJob.disabled=true -Dfile.encoding=utf8 -XX:+UseParallelGC -XX:GCTimeRatio=4 -XX:AdaptiveSizePolicyWeight=90 -Dsun.zip.disableMemoryMapping=true -Xmx2G -Xms100m -Xlog:disable -javaagent:c:\Users\Johnny\.antigravity-ide\extensions\redhat.java-1.54.0-win32-x64\lombok\lombok-1.18.39-4050.jar -XX:+HeapDumpOnOutOfMemoryError -XX:HeapDumpPath=c:\Users\Johnny\AppData\Roaming\Antigravity IDE\User\workspaceStorage\f5ff97b3b31b1eeeb501d9c5edb64fde\redhat.java -Daether.dependencyCollector.impl=bf c:\Users\Johnny\.antigravity-ide\extensions\redhat.java-1.54.0-win32-x64\server\plugins\org.eclipse.equinox.launcher_1.7.100.v20251111-0406.jar -configuration c:\Users\Johnny\AppData\Roaming\Antigravity IDE\User\globalStorage\redhat.java\1.54.0\config_win -data c:\Users\Johnny\AppData\Roaming\Antigravity IDE\User\workspaceStorage\f5ff97b3b31b1eeeb501d9c5edb64fde\redhat.java\jdt_ws --pipe=\\.\pipe\lsp-2751eb9ab56d8970e9719de1a93da29a-sock

Host: Intel(R) Core(TM) i5-6200U CPU @ 2.30GHz, 4 cores, 7G,  Windows 10 , 64 bit Build 19041 (10.0.19041.5915)
Time: Thu Jun 18 04:33:16 2026 Pacific Daylight Time elapsed time: 66.746089 seconds (0d 0h 1m 6s)

---------------  T H R E A D  ---------------

Current thread (0x000001e39d6d21c0):  JavaThread "C2 CompilerThread0" daemon [_thread_in_native, id=1396, stack(0x000000b942300000,0x000000b942400000) (1024K)]


Current CompileTask:
C2:66746 12752       4       org.eclipse.jdt.internal.core.index.DiskIndex::writeAllDocumentNames (512 bytes)

Stack: [0x000000b942300000,0x000000b942400000],  sp=0x000000b9423fd700,  free space=1013k
Native frames: (J=compiled Java code, j=interpreted, Vv=VM code, C=native code)
V  [jvm.dll+0x254233]
V  [jvm.dll+0x6fd2c7]
V  [jvm.dll+0x24b87a]
V  [jvm.dll+0x1cb34e]
V  [jvm.dll+0x25b85d]
V  [jvm.dll+0x259dea]
V  [jvm.dll+0x3f857e]
V  [jvm.dll+0x85f59d]
V  [jvm.dll+0x6d626d]
C  [ucrtbase.dll+0x21bb2]
C  [KERNEL32.DLL+0x17374]
C  [ntdll.dll+0x4cc91]


siginfo: EXCEPTION_ACCESS_VIOLATION (0xc0000005), reading address 0x00000163e4329c20


Registers:
RAX=0x000001e3e432a358, RBX=0x000000b9423fe2a0, RCX=0x00000000000009c8, RDX=0x000001e3e830039c
RSP=0x000000b9423fd700, RBP=0x000001e3e6404d10, RSI=0x000000000000001f, RDI=0x00000163e4329c20
R8 =0x0000000000008000, R9 =0x00000000000000e0, R10=0x00007ffc8ed40000, R11=0x00007ffc8ed51a41
R12=0x0000000000000003, R13=0x000001e3e432a300, R14=0x0000000000000000, R15=0x000000000000000f
RIP=0x00007ffc39894233, EFLAGS=0x0000000000010246

XMM[0]=0x0000000000000000 0x0000000000000000
XMM[1]=0x0000000000000000 0x0000000000000000
XMM[2]=0x0000000000000000 0x0000000000000000
XMM[3]=0x0000000000000000 0x0000000000000000
XMM[4]=0x0000000000000000 0x0000000000000000
XMM[5]=0x0000000000000000 0x0000000000000000
XMM[6]=0x0000000000000000 0x0000000000000000
XMM[7]=0x0000000000000000 0x0000000000000000
XMM[8]=0x0000000000000000 0x0000000000000000
XMM[9]=0x0000000000000000 0x0000000000000000
XMM[10]=0x0000000000000000 0x0000000000000000
XMM[11]=0x0000000000000000 0x0000000000000000
XMM[12]=0x0000000000000000 0x0000000000000000
XMM[13]=0x0000000000000000 0x0000000000000000
XMM[14]=0x0000000000000000 0x0000000000000000
XMM[15]=0x0000000000000000 0x0000000000000000
  MXCSR=0x00001fa0


Register to memory mapping:

RAX=0x000001e3e432a358 points into unknown readable memory: 0x00000163e4329c20 | 20 9c 32 e4 63 01 00 00
RBX=0x000000b9423fe2a0 is pointing into the stack for thread: 0x000001e39d6d21c0
RCX=0x00000000000009c8 is an unknown value
RDX=0x000001e3e830039c points into unknown readable memory: 49 b7 00 f0
RSP=0x000000b9423fd700 is pointing into the stack for thread: 0x000001e39d6d21c0
RBP=0x000001e3e6404d10 points into unknown readable memory: 0x000000b9423fe510 | 10 e5 3f 42 b9 00 00 00
RSI=0x000000000000001f is an unknown value
RDI=0x00000163e4329c20 is an unknown value
R8 =0x0000000000008000 is an unknown value
R9 =0x00000000000000e0 is an unknown value
R10=0x00007ffc8ed40000 VCRUNTIME140.dll
R11=0x00007ffc8ed51a41 VCRUNTIME140.dll
R12=0x0000000000000003 is an unknown value
R13=0x000001e3e432a300 points into unknown readable memory: 0x00007ffc3a033140 | 40 31 03 3a fc 7f 00 00
R14=0x0 is null
R15=0x000000000000000f is an unknown value

Top of Stack: (sp=0x000000b9423fd700)
0x000000b9423fd700:   000000b9423fe2a0 000001e3e6404d10
0x000000b9423fd710:   000000b9423fe3e0 0000000000001bba
0x000000b9423fd720:   000001e3e4f27520 000000b9423fe290
0x000000b9423fd730:   000000b9423fd930 000000b9423fe3e0
0x000000b9423fd740:   0000000000000000 00007ffc39d3d2c7
0x000000b9423fd750:   00000000000009c8 000001e3e6404d10
0x000000b9423fd760:   000001e3e6404d80 000001e386da2c80
0x000000b9423fd770:   0000000000000002 00007ffc3988b87a
0x000000b9423fd780:   0000000000000000 000000b9423fd880
0x000000b9423fd790:   000000b9423fe3e0 0000000000000001
0x000000b9423fd7a0:   0000000000000000 0000000000000000
0x000000b9423fd7b0:   000000b9423fe3e0 0000000000000000
0x000000b9423fd7c0:   000001e39d720530 0000000000000000
0x000000b9423fd7d0:   0000000000000000 0000000000000000
0x000000b9423fd7e0:   0000000000000000 0000000000000000
0x000000b9423fd7f0:   000001e300000012 00007ffc3a03d61c
0x000000b9423fd800:   0000000000000000 0000000000000000
0x000000b9423fd810:   0000000000000000 00007ffc3a03d61c
0x000000b9423fd820:   000001e39152cb00 000001e39152db60
0x000000b9423fd830:   000001e39d6bcc80 000001e3e51e2e10
0x000000b9423fd840:   000001e3e51e3b88 000001e3e51eadf8
0x000000b9423fd850:   0000000000020338 00007ffc39cb0000
0x000000b9423fd860:   0000000000000000 000001e39152c080
0x000000b9423fd870:   0000000000000000 000001e39152c0e0
0x000000b9423fd880:   0000000000000000 0000000000000000
0x000000b9423fd890:   000001e39d740000 0000000000000000
0x000000b9423fd8a0:   000001e39152c0a6 000000089d770000
0x000000b9423fd8b0:   000001e39d77de01 00007ffc3a05c398
0x000000b9423fd8c0:   0000000000000000 0000000000000000
0x000000b9423fd8d0:   00007ffc3a07fb00 000001e300000001
0x000000b9423fd8e0:   000000b9423fe3e0 000000b9423ff010
0x000000b9423fd8f0:   000000b9423fd930 000001e3df63c768 

Instructions: (pc=0x00007ffc39894233)
0x00007ffc39894133:   ff 41 8b c6 48 f7 d8 4d 8d 3c c7 4c 3b fe 0f 83
0x00007ffc39894143:   19 fe ff ff 4c 8b 74 24 30 4c 8b 64 24 38 48 8b
0x00007ffc39894153:   7c 24 40 48 8b ac 24 80 00 00 00 48 83 c4 48 41
0x00007ffc39894163:   5f 41 5d 5e 5b c3 cc cc cc cc cc cc cc 40 53 56
0x00007ffc39894173:   57 48 83 ec 30 8b b9 50 02 00 00 48 8b da 2b b9
0x00007ffc39894183:   78 02 00 00 48 8b f1 3b 7a 08 72 0a 8b d7 48 8b
0x00007ffc39894193:   cb e8 17 e9 45 00 48 8b 43 10 48 c7 04 f8 00 00
0x00007ffc398941a3:   00 00 48 8b 96 e0 02 00 00 48 85 d2 74 08 48 8b
0x00007ffc398941b3:   cb e8 67 f5 e7 ff 48 8b 96 e8 02 00 00 48 85 d2
0x00007ffc398941c3:   74 08 48 8b cb e8 53 f5 e7 ff 33 c0 89 44 24 50
0x00007ffc398941d3:   39 43 18 0f 86 f8 00 00 00 48 89 6c 24 58 4c 89
0x00007ffc398941e3:   64 24 60 4c 89 6c 24 68 4c 89 74 24 28 4c 89 7c
0x00007ffc398941f3:   24 20 66 66 66 0f 1f 84 00 00 00 00 00 8b c8 48
0x00007ffc39894203:   8b 43 10 4c 8b 2c c8 41 8b 45 1c 85 c0 0f 84 92
0x00007ffc39894213:   00 00 00 45 33 f6 44 8b e0 0f 1f 40 00 49 8b 45
0x00007ffc39894223:   08 49 8b 3c 06 48 85 ff 74 6d 40 f6 c7 01 75 67
0x00007ffc39894233:   48 83 3f fe 74 61 44 8b 7f 28 41 8b f7 c1 ee 05
0x00007ffc39894243:   3b 73 20 72 0b 8b d6 48 8d 4b 20 e8 dd a2 64 00
0x00007ffc39894253:   48 8b 43 28 41 83 e7 1f 48 8d 14 b0 41 0f b6 cf
0x00007ffc39894263:   41 b8 01 00 00 00 41 d3 e0 8b 0a 8b c1 41 0b c0
0x00007ffc39894273:   89 02 41 85 c8 75 20 8b 73 18 8d 46 01 89 43 18
0x00007ffc39894283:   3b 73 08 72 0a 8b d6 48 8b cb e8 1e e8 45 00 48
0x00007ffc39894293:   8b 43 10 48 89 3c f0 49 83 c6 08 49 83 ec 01 0f
0x00007ffc398942a3:   85 78 ff ff ff 8b 44 24 50 ff c0 89 44 24 50 3b
0x00007ffc398942b3:   43 18 0f 82 45 ff ff ff 4c 8b 7c 24 20 4c 8b 74
0x00007ffc398942c3:   24 28 4c 8b 6c 24 68 4c 8b 64 24 60 48 8b 6c 24
0x00007ffc398942d3:   58 48 83 c4 30 5f 5e 5b c3 cc cc cc cc 40 53 48
0x00007ffc398942e3:   83 ec 20 48 8b 81 f0 02 00 00 48 8b d9 48 85 c0
0x00007ffc398942f3:   75 27 e8 f6 39 00 00 48 8b d0 48 8b 48 10 48 8b
0x00007ffc39894303:   01 48 3b c2 74 06 83 78 38 02 74 06 48 83 c1 08
0x00007ffc39894313:   eb ec 48 89 83 f0 02 00 00 48 83 c4 20 5b c3 cc
0x00007ffc39894323:   cc cc cc cc cc cc cc cc cc cc cc cc cc 48 8b c4 


Stack slot to memory mapping:

stack at sp + 0 slots: 0x000000b9423fe2a0 is pointing into the stack for thread: 0x000001e39d6d21c0
stack at sp + 1 slots: 0x000001e3e6404d10 points into unknown readable memory: 0x000000b9423fe510 | 10 e5 3f 42 b9 00 00 00
stack at sp + 2 slots: 0x000000b9423fe3e0 is pointing into the stack for thread: 0x000001e39d6d21c0
stack at sp + 3 slots: 0x0000000000001bba is an unknown value
stack at sp + 4 slots: 0x000001e3e4f27520 points into unknown readable memory: 0x00007ffc3a048888 | 88 88 04 3a fc 7f 00 00
stack at sp + 5 slots: 0x000000b9423fe290 is pointing into the stack for thread: 0x000001e39d6d21c0
stack at sp + 6 slots: 0x000000b9423fd930 is pointing into the stack for thread: 0x000001e39d6d21c0
stack at sp + 7 slots: 0x000000b9423fe3e0 is pointing into the stack for thread: 0x000001e39d6d21c0


---------------  P R O C E S S  ---------------

Threads class SMR info:
_java_thread_list=0x000001e3e4f01650, length=47, elements={
0x000001e386cdff80, 0x000001e39d6c8180, 0x000001e39d6cbbf0, 0x000001e39d6cf460,
0x000001e39d6cfec0, 0x000001e39d6d0920, 0x000001e39d6d1380, 0x000001e39d6d21c0,
0x000001e39d7044b0, 0x000001e3df5eb9f0, 0x000001e3df6c00c0, 0x000001e3e41a5810,
0x000001e3e4848b20, 0x000001e3e477f830, 0x000001e3e491bf30, 0x000001e3e45aac80,
0x000001e3e45ac030, 0x000001e3e45ac6c0, 0x000001e3e45acd50, 0x000001e3e45a9f60,
0x000001e3e45ad3e0, 0x000001e3e45aa5f0, 0x000001e3e45ab310, 0x000001e3e45ab9a0,
0x000001e3e51fbb50, 0x000001e3e51fefd0, 0x000001e3e51fae30, 0x000001e3e51fdc20,
0x000001e3e51fb4c0, 0x000001e3e5200380, 0x000001e3e51ff660, 0x000001e3e52010a0,
0x000001e3e51fcf00, 0x000001e3e51ffcf0, 0x000001e3e791ca20, 0x000001e3e791d740,
0x000001e3e791d0b0, 0x000001e3e791ddd0, 0x000001e3e791a950, 0x000001e3e791b670,
0x000001e3e51fc1e0, 0x000001e3e51fd590, 0x000001e3e5200a10, 0x000001e3e5201dc0,
0x000001e3e5202450, 0x000001e3ec1fc760, 0x000001e3e460c2a0
}

Java Threads: ( => current thread )
  0x000001e386cdff80 JavaThread "main"                              [_thread_blocked, id=12832, stack(0x000000b941900000,0x000000b941a00000) (1024K)]
  0x000001e39d6c8180 JavaThread "Reference Handler"          daemon [_thread_blocked, id=11600, stack(0x000000b941d00000,0x000000b941e00000) (1024K)]
  0x000001e39d6cbbf0 JavaThread "Finalizer"                  daemon [_thread_blocked, id=1788, stack(0x000000b941e00000,0x000000b941f00000) (1024K)]
  0x000001e39d6cf460 JavaThread "Signal Dispatcher"          daemon [_thread_blocked, id=5932, stack(0x000000b941f00000,0x000000b942000000) (1024K)]
  0x000001e39d6cfec0 JavaThread "Attach Listener"            daemon [_thread_blocked, id=6044, stack(0x000000b942000000,0x000000b942100000) (1024K)]
  0x000001e39d6d0920 JavaThread "Service Thread"             daemon [_thread_blocked, id=564, stack(0x000000b942100000,0x000000b942200000) (1024K)]
  0x000001e39d6d1380 JavaThread "Monitor Deflation Thread"   daemon [_thread_blocked, id=888, stack(0x000000b942200000,0x000000b942300000) (1024K)]
=>0x000001e39d6d21c0 JavaThread "C2 CompilerThread0"         daemon [_thread_in_native, id=1396, stack(0x000000b942300000,0x000000b942400000) (1024K)]
  0x000001e39d7044b0 JavaThread "C1 CompilerThread0"         daemon [_thread_blocked, id=5956, stack(0x000000b942400000,0x000000b942500000) (1024K)]
  0x000001e3df5eb9f0 JavaThread "Common-Cleaner"             daemon [_thread_blocked, id=9948, stack(0x000000b942500000,0x000000b942600000) (1024K)]
  0x000001e3df6c00c0 JavaThread "Notification Thread"        daemon [_thread_blocked, id=4164, stack(0x000000b942600000,0x000000b942700000) (1024K)]
  0x000001e3e41a5810 JavaThread "Active Thread: Equinox Container: c1bfd6ca-f37f-45a1-b0e8-9d5c5ac88270"        [_thread_blocked, id=10680, stack(0x000000b942e00000,0x000000b942f00000) (1024K)]
  0x000001e3e4848b20 JavaThread "Framework Event Dispatcher: Equinox Container: c1bfd6ca-f37f-45a1-b0e8-9d5c5ac88270" daemon [_thread_blocked, id=12984, stack(0x000000b942f00000,0x000000b943000000) (1024K)]
  0x000001e3e477f830 JavaThread "Start Level: Equinox Container: c1bfd6ca-f37f-45a1-b0e8-9d5c5ac88270" daemon [_thread_blocked, id=9752, stack(0x000000b943000000,0x000000b943100000) (1024K)]
  0x000001e3e491bf30 JavaThread "Bundle File Closer"         daemon [_thread_blocked, id=11608, stack(0x000000b943100000,0x000000b943200000) (1024K)]
  0x000001e3e45aac80 JavaThread "Refresh Thread: Equinox Container: c1bfd6ca-f37f-45a1-b0e8-9d5c5ac88270" daemon [_thread_blocked, id=8028, stack(0x000000b943200000,0x000000b943300000) (1024K)]
  0x000001e3e45ac030 JavaThread "SCR Component Actor"        daemon [_thread_blocked, id=9368, stack(0x000000b942b00000,0x000000b942c00000) (1024K)]
  0x000001e3e45ac6c0 JavaThread "Worker-JM"                         [_thread_blocked, id=9024, stack(0x000000b942c00000,0x000000b942d00000) (1024K)]
  0x000001e3e45acd50 JavaThread "Worker-0"                          [_thread_blocked, id=8240, stack(0x000000b942d00000,0x000000b942e00000) (1024K)]
  0x000001e3e45a9f60 JavaThread "Worker-1: Check JDK Index"         [_thread_blocked, id=10708, stack(0x000000b943300000,0x000000b943400000) (1024K)]
  0x000001e3e45ad3e0 JavaThread "Java indexing"              daemon [_thread_in_Java, id=4964, stack(0x000000b943400000,0x000000b943500000) (1024K)]
  0x000001e3e45aa5f0 JavaThread "Worker-2"                          [_thread_blocked, id=13284, stack(0x000000b943500000,0x000000b943600000) (1024K)]
  0x000001e3e45ab310 JavaThread "Worker-3: Java indexing... "        [_thread_blocked, id=7380, stack(0x000000b943600000,0x000000b943700000) (1024K)]
  0x000001e3e45ab9a0 JavaThread "JNA Cleaner"                daemon [_thread_blocked, id=13180, stack(0x000000b943700000,0x000000b943800000) (1024K)]
  0x000001e3e51fbb50 JavaThread "Worker-4"                          [_thread_blocked, id=8544, stack(0x000000b943a00000,0x000000b943b00000) (1024K)]
  0x000001e3e51fefd0 JavaThread "Worker-5"                          [_thread_blocked, id=1628, stack(0x000000b943b00000,0x000000b943c00000) (1024K)]
  0x000001e3e51fae30 JavaThread "Thread-1"                   daemon [_thread_in_native, id=11576, stack(0x000000b943c00000,0x000000b943d00000) (1024K)]
  0x000001e3e51fdc20 JavaThread "Thread-2"                   daemon [_thread_in_native, id=13072, stack(0x000000b943d00000,0x000000b943e00000) (1024K)]
  0x000001e3e51fb4c0 JavaThread "Thread-3"                   daemon [_thread_in_native, id=12440, stack(0x000000b943e00000,0x000000b943f00000) (1024K)]
  0x000001e3e5200380 JavaThread "Thread-4"                   daemon [_thread_in_native, id=12744, stack(0x000000b943f00000,0x000000b944000000) (1024K)]
  0x000001e3e51ff660 JavaThread "Thread-5"                   daemon [_thread_in_native, id=8604, stack(0x000000b944000000,0x000000b944100000) (1024K)]
  0x000001e3e52010a0 JavaThread "pool-2-thread-1"                   [_thread_blocked, id=7924, stack(0x000000b944100000,0x000000b944200000) (1024K)]
  0x000001e3e51fcf00 JavaThread "WorkspaceEventsHandler"            [_thread_blocked, id=11804, stack(0x000000b944200000,0x000000b944300000) (1024K)]
  0x000001e3e51ffcf0 JavaThread "pool-1-thread-1"                   [_thread_blocked, id=11840, stack(0x000000b944300000,0x000000b944400000) (1024K)]
  0x000001e3e791ca20 JavaThread "ForkJoinPool.commonPool-worker-1" daemon [_thread_blocked, id=9340, stack(0x000000b944500000,0x000000b944600000) (1024K)]
  0x000001e3e791d740 JavaThread "LocalFile Deleter"          daemon [_thread_blocked, id=7100, stack(0x000000b944600000,0x000000b944700000) (1024K)]
  0x000001e3e791d0b0 JavaThread "LocalFile Deleter"          daemon [_thread_blocked, id=6640, stack(0x000000b944700000,0x000000b944800000) (1024K)]
  0x000001e3e791ddd0 JavaThread "LocalFile Deleter"          daemon [_thread_blocked, id=2476, stack(0x000000b944800000,0x000000b944900000) (1024K)]
  0x000001e3e791a950 JavaThread "LocalFile Deleter"          daemon [_thread_blocked, id=9720, stack(0x000000b944900000,0x000000b944a00000) (1024K)]
  0x000001e3e791b670 JavaThread "Compiler Source File Reader" daemon [_thread_blocked, id=5220, stack(0x000000b942700000,0x000000b942800000) (1024K)]
  0x000001e3e51fc1e0 JavaThread "Compiler Source File Reader" daemon [_thread_blocked, id=1040, stack(0x000000b944a00000,0x000000b944b00000) (1024K)]
  0x000001e3e51fd590 JavaThread "ForkJoinPool.commonPool-worker-2" daemon [_thread_blocked, id=1644, stack(0x000000b944b00000,0x000000b944c00000) (1024K)]
  0x000001e3e5200a10 JavaThread "Compiler Processing Task"   daemon [_thread_blocked, id=7508, stack(0x000000b944d00000,0x000000b944e00000) (1024K)]
  0x000001e3e5201dc0 JavaThread "ForkJoinPool.commonPool-worker-3" daemon [_thread_blocked, id=1168, stack(0x000000b944e00000,0x000000b944f00000) (1024K)]
  0x000001e3e5202450 JavaThread "Compiler Class File Writer" daemon [_thread_blocked, id=1692, stack(0x000000b944f00000,0x000000b945000000) (1024K)]
  0x000001e3ec1fc760 JavaThread "Compiler Class File Writer" daemon [_thread_blocked, id=2024, stack(0x000000b945000000,0x000000b945100000) (1024K)]
  0x000001e3e460c2a0 JavaThread "C2 CompilerThread1"         daemon [_thread_in_native, id=10888, stack(0x000000b941700000,0x000000b941800000) (1024K)]
Total: 47

Other Threads:
  0x000001e39d6ad5e0 VMThread "VM Thread"                           [id=9268, stack(0x000000b941c00000,0x000000b941d00000) (1024K)]
  0x000001e386da37e0 WatcherThread "VM Periodic Task Thread"        [id=9272, stack(0x000000b941b00000,0x000000b941c00000) (1024K)]
  0x000001e386cfce50 WorkerThread "GC Thread#0"                     [id=9264, stack(0x000000b941a00000,0x000000b941b00000) (1024K)]
  0x000001e3e428fc50 WorkerThread "GC Thread#1"                     [id=9636, stack(0x000000b942800000,0x000000b942900000) (1024K)]
  0x000001e3e4290000 WorkerThread "GC Thread#2"                     [id=7188, stack(0x000000b942900000,0x000000b942a00000) (1024K)]
  0x000001e3e42903b0 WorkerThread "GC Thread#3"                     [id=8616, stack(0x000000b942a00000,0x000000b942b00000) (1024K)]
Total: 6

Threads with active compile tasks:
C2 CompilerThread0  66979 12752       4       org.eclipse.jdt.internal.core.index.DiskIndex::writeAllDocumentNames (512 bytes)
C2 CompilerThread1  66979 12744   !   4       org.eclipse.jdt.internal.compiler.classfmt.ClassFileReader::<init> (1968 bytes)
Total: 2

VM state: not at safepoint (normal execution)

VM Mutex/Monitor currently owned by a thread: None

Heap address: 0x0000000080000000, size: 2048 MB, Compressed Oops mode: 32-bit

CDS archive(s) mapped at: [0x000001e39e000000-0x000001e39eba0000-0x000001e39eba0000), size 12189696, SharedBaseAddress: 0x000001e39e000000, ArchiveRelocationMode: 1.
Compressed class space mapped at: 0x000001e39f000000-0x000001e3df000000, reserved size: 1073741824
Narrow klass base: 0x000001e39e000000, Narrow klass shift: 0, Narrow klass range: 0x100000000

GC Precious Log:
 CardTable entry size: 512
 CPUs: 4 total, 4 available
 Memory: 7592M
 Large Page Support: Disabled
 NUMA Support: Disabled
 Compressed Oops: Enabled (32-bit)
 Alignments: Space 512K, Generation 512K, Heap 2M
 Heap Min Capacity: 100M
 Heap Initial Capacity: 100M
 Heap Max Capacity: 2G
 Pre-touch: Disabled
 Parallel Workers: 4

Heap:
 PSYoungGen      total 3584K, used 2591K [0x00000000d5580000, 0x00000000d5b80000, 0x0000000100000000)
  eden space 3072K, 70% used [0x00000000d5580000,0x00000000d579fe10,0x00000000d5880000)
  from space 512K, 81% used [0x00000000d5b00000,0x00000000d5b68000,0x00000000d5b80000)
  to   space 512K, 0% used [0x00000000d5a80000,0x00000000d5a80000,0x00000000d5b00000)
 ParOldGen       total 408576K, used 408404K [0x0000000080000000, 0x0000000098f00000, 0x00000000d5580000)
  object space 408576K, 99% used [0x0000000080000000,0x0000000098ed51d8,0x0000000098f00000)
 Metaspace       used 73474K, committed 75072K, reserved 1179648K
  class space    used 7907K, committed 8640K, reserved 1048576K

Card table byte_map: [0x000001e386690000,0x000001e386aa0000] _byte_map_base: 0x000001e386290000

Marking Bits: (ParMarkBitMap*) 0x00007ffc3a303450
 Begin Bits: [0x000001e3991a0000, 0x000001e39b1a0000)
 End Bits:   [0x000001e39b1a0000, 0x000001e39d1a0000)

Polling page: 0x000001e384bb0000

Metaspace:

Usage:
  Non-class:     64.03 MB used.
      Class:      7.72 MB used.
       Both:     71.75 MB used.

Virtual space:
  Non-class space:      128.00 MB reserved,      64.88 MB ( 51%) committed,  2 nodes.
      Class space:        1.00 GB reserved,       8.44 MB ( <1%) committed,  1 nodes.
             Both:        1.12 GB reserved,      73.31 MB (  6%) committed. 

Chunk freelists:
   Non-Class:  14.42 MB
       Class:  7.61 MB
        Both:  22.03 MB

MaxMetaspaceSize: unlimited
CompressedClassSpaceSize: 1.00 GB
Initial GC threshold: 21.00 MB
Current GC threshold: 97.31 MB
CDS: on
 - commit_granule_bytes: 65536.
 - commit_granule_words: 8192.
 - virtual_space_node_default_size: 8388608.
 - enlarge_chunks_in_place: 1.
 - use_allocation_guard: 0.


Internal statistics:

num_allocs_failed_limit: 13.
num_arena_births: 1270.
num_arena_deaths: 18.
num_vsnodes_births: 3.
num_vsnodes_deaths: 0.
num_space_committed: 1173.
num_space_uncommitted: 0.
num_chunks_returned_to_freelist: 32.
num_chunks_taken_from_freelist: 4467.
num_chunk_merges: 10.
num_chunk_splits: 2779.
num_chunks_enlarged: 1618.
num_inconsistent_stats: 0.

CodeHeap 'non-profiled nmethods': size=120000Kb used=8873Kb max_used=8873Kb free=111126Kb
 bounds [0x000001e3919c0000, 0x000001e392270000, 0x000001e398ef0000]
CodeHeap 'profiled nmethods': size=120000Kb used=26475Kb max_used=26475Kb free=93525Kb
 bounds [0x000001e389ef0000, 0x000001e38b8d0000, 0x000001e391420000]
CodeHeap 'non-nmethods': size=5760Kb used=1491Kb max_used=1599Kb free=4268Kb
 bounds [0x000001e391420000, 0x000001e391690000, 0x000001e3919c0000]
CodeCache: size=245760Kb, used=36839Kb, max_used=36947Kb, free=208919Kb
 total_blobs=12675, nmethods=11865, adapters=715, full_count=0
Compilation: enabled, stopped_count=0, restarted_count=0

Compilation events (20 events):
Event: 66.513 Thread 0x000001e39d6d21c0 nmethod 12748 0x000001e39225f490 code [0x000001e39225f7e0, 0x000001e392261250]
Event: 66.513 Thread 0x000001e39d6d21c0 12751       4       org.eclipse.jdt.internal.core.util.Util::quickSort (107 bytes)
Event: 66.559 Thread 0x000001e39d7044b0 12754       3       org.eclipse.jdt.internal.core.index.DiskIndex::writeStreamInt (122 bytes)
Event: 66.560 Thread 0x000001e39d7044b0 nmethod 12754 0x000001e38b8c7e10 code [0x000001e38b8c7fc0, 0x000001e38b8c82c0]
Event: 66.574 Thread 0x000001e39d6d21c0 nmethod 12751 0x000001e392261f10 code [0x000001e3922621a0, 0x000001e3922640c8]
Event: 66.575 Thread 0x000001e39d6d21c0 12753       4       org.eclipse.jdt.internal.core.index.DiskIndex::writeCategoryTable (252 bytes)
Event: 66.631 Thread 0x000001e39d7044b0 12757       3       org.eclipse.jdt.internal.core.search.JavaSearchParticipant::indexDocument (89 bytes)
Event: 66.637 Thread 0x000001e39d7044b0 nmethod 12757 0x000001e38b8c8410 code [0x000001e38b8c8740, 0x000001e38b8c9930]
Event: 66.637 Thread 0x000001e39d7044b0 12759       2       org.eclipse.jdt.internal.core.search.indexing.AbstractIndexer::<init> (10 bytes)
Event: 66.638 Thread 0x000001e39d7044b0 nmethod 12759 0x000001e38b8ca010 code [0x000001e38b8ca1a0, 0x000001e38b8ca2c0]
Event: 66.638 Thread 0x000001e39d7044b0 12758       2       org.eclipse.jdt.core.search.SearchDocument::removeAllIndexEntries (19 bytes)
Event: 66.638 Thread 0x000001e39d7044b0 nmethod 12758 0x000001e38b8ca390 code [0x000001e38b8ca540, 0x000001e38b8ca6f8]
Event: 66.638 Thread 0x000001e39d7044b0 12760       2       org.eclipse.jdt.internal.core.search.indexing.BinaryIndexer::<init> (6 bytes)
Event: 66.638 Thread 0x000001e39d7044b0 nmethod 12760 0x000001e38b8ca890 code [0x000001e38b8caa20, 0x000001e38b8cab40]
Event: 66.686 Thread 0x000001e39d6d21c0 nmethod 12753 0x000001e392264b90 code [0x000001e392264f80, 0x000001e392267a58]
Event: 66.687 Thread 0x000001e39d6d21c0 12755       4       java.util.concurrent.ConcurrentLinkedQueue::poll (84 bytes)
Event: 66.696 Thread 0x000001e39d6d21c0 nmethod 12755 0x000001e392269190 code [0x000001e392269320, 0x000001e392269588]
Event: 66.696 Thread 0x000001e39d6d21c0 12756       4       java.lang.String::toLowerCase (29 bytes)
Event: 66.716 Thread 0x000001e39d6d21c0 nmethod 12756 0x000001e392269810 code [0x000001e392269a00, 0x000001e39226a350]
Event: 66.718 Thread 0x000001e39d6d21c0 12752       4       org.eclipse.jdt.internal.core.index.DiskIndex::writeAllDocumentNames (512 bytes)

GC Heap History (20 events):
Event: 66.392 GC heap before
{Heap before GC invocations=403 (full 3):
 PSYoungGen      total 4608K, used 4512K [0x00000000d5580000, 0x00000000d5b00000, 0x0000000100000000)
  eden space 4096K, 100% used [0x00000000d5580000,0x00000000d5980000,0x00000000d5980000)
  from space 512K, 81% used [0x00000000d5a00000,0x00000000d5a68000,0x00000000d5a80000)
  to   space 512K, 0% used [0x00000000d5a80000,0x00000000d5a80000,0x00000000d5b00000)
 ParOldGen       total 396800K, used 396496K [0x0000000080000000, 0x0000000098380000, 0x00000000d5580000)
  object space 396800K, 99% used [0x0000000080000000,0x00000000983341f8,0x0000000098380000)
 Metaspace       used 73470K, committed 75072K, reserved 1179648K
  class space    used 7906K, committed 8640K, reserved 1048576K
}
Event: 66.394 GC heap after
{Heap after GC invocations=403 (full 3):
 PSYoungGen      total 4608K, used 480K [0x00000000d5580000, 0x00000000d5b00000, 0x0000000100000000)
  eden space 4096K, 0% used [0x00000000d5580000,0x00000000d5580000,0x00000000d5980000)
  from space 512K, 93% used [0x00000000d5a80000,0x00000000d5af8000,0x00000000d5b00000)
  to   space 512K, 0% used [0x00000000d5a00000,0x00000000d5a00000,0x00000000d5a80000)
 ParOldGen       total 397312K, used 396856K [0x0000000080000000, 0x0000000098400000, 0x00000000d5580000)
  object space 397312K, 99% used [0x0000000080000000,0x000000009838e1f8,0x0000000098400000)
 Metaspace       used 73470K, committed 75072K, reserved 1179648K
  class space    used 7906K, committed 8640K, reserved 1048576K
}
Event: 66.412 GC heap before
{Heap before GC invocations=404 (full 3):
 PSYoungGen      total 4608K, used 4576K [0x00000000d5580000, 0x00000000d5b00000, 0x0000000100000000)
  eden space 4096K, 100% used [0x00000000d5580000,0x00000000d5980000,0x00000000d5980000)
  from space 512K, 93% used [0x00000000d5a80000,0x00000000d5af8000,0x00000000d5b00000)
  to   space 512K, 0% used [0x00000000d5a00000,0x00000000d5a00000,0x00000000d5a80000)
 ParOldGen       total 397312K, used 396856K [0x0000000080000000, 0x0000000098400000, 0x00000000d5580000)
  object space 397312K, 99% used [0x0000000080000000,0x000000009838e1f8,0x0000000098400000)
 Metaspace       used 73470K, committed 75072K, reserved 1179648K
  class space    used 7906K, committed 8640K, reserved 1048576K
}
Event: 66.415 GC heap after
{Heap after GC invocations=404 (full 3):
 PSYoungGen      total 4608K, used 406K [0x00000000d5580000, 0x00000000d5b00000, 0x0000000100000000)
  eden space 4096K, 0% used [0x00000000d5580000,0x00000000d5580000,0x00000000d5980000)
  from space 512K, 79% used [0x00000000d5a00000,0x00000000d5a65810,0x00000000d5a80000)
  to   space 512K, 0% used [0x00000000d5a80000,0x00000000d5a80000,0x00000000d5b00000)
 ParOldGen       total 397312K, used 397288K [0x0000000080000000, 0x0000000098400000, 0x00000000d5580000)
  object space 397312K, 99% used [0x0000000080000000,0x00000000983fa1f8,0x0000000098400000)
 Metaspace       used 73470K, committed 75072K, reserved 1179648K
  class space    used 7906K, committed 8640K, reserved 1048576K
}
Event: 66.465 GC heap before
{Heap before GC invocations=405 (full 3):
 PSYoungGen      total 4608K, used 4502K [0x00000000d5580000, 0x00000000d5b00000, 0x0000000100000000)
  eden space 4096K, 100% used [0x00000000d5580000,0x00000000d5980000,0x00000000d5980000)
  from space 512K, 79% used [0x00000000d5a00000,0x00000000d5a65810,0x00000000d5a80000)
  to   space 512K, 0% used [0x00000000d5a80000,0x00000000d5a80000,0x00000000d5b00000)
 ParOldGen       total 397312K, used 397288K [0x0000000080000000, 0x0000000098400000, 0x00000000d5580000)
  object space 397312K, 99% used [0x0000000080000000,0x00000000983fa1f8,0x0000000098400000)
 Metaspace       used 73473K, committed 75072K, reserved 1179648K
  class space    used 7907K, committed 8640K, reserved 1048576K
}
Event: 66.470 GC heap after
{Heap after GC invocations=405 (full 3):
 PSYoungGen      total 3584K, used 512K [0x00000000d5580000, 0x00000000d5d80000, 0x0000000100000000)
  eden space 3072K, 0% used [0x00000000d5580000,0x00000000d5580000,0x00000000d5880000)
  from space 512K, 100% used [0x00000000d5a80000,0x00000000d5b00000,0x00000000d5b00000)
  to   space 2048K, 0% used [0x00000000d5880000,0x00000000d5880000,0x00000000d5a80000)
 ParOldGen       total 398848K, used 398377K [0x0000000080000000, 0x0000000098580000, 0x00000000d5580000)
  object space 398848K, 99% used [0x0000000080000000,0x000000009850a410,0x0000000098580000)
 Metaspace       used 73473K, committed 75072K, reserved 1179648K
  class space    used 7907K, committed 8640K, reserved 1048576K
}
Event: 66.515 GC heap before
{Heap before GC invocations=406 (full 3):
 PSYoungGen      total 3584K, used 3581K [0x00000000d5580000, 0x00000000d5d80000, 0x0000000100000000)
  eden space 3072K, 99% used [0x00000000d5580000,0x00000000d587f7b8,0x00000000d5880000)
  from space 512K, 100% used [0x00000000d5a80000,0x00000000d5b00000,0x00000000d5b00000)
  to   space 2048K, 0% used [0x00000000d5880000,0x00000000d5880000,0x00000000d5a80000)
 ParOldGen       total 398848K, used 398377K [0x0000000080000000, 0x0000000098580000, 0x00000000d5580000)
  object space 398848K, 99% used [0x0000000080000000,0x000000009850a410,0x0000000098580000)
 Metaspace       used 73473K, committed 75072K, reserved 1179648K
  class space    used 7907K, committed 8640K, reserved 1048576K
}
Event: 66.519 GC heap after
{Heap after GC invocations=406 (full 3):
 PSYoungGen      total 5120K, used 2022K [0x00000000d5580000, 0x00000000d5e80000, 0x0000000100000000)
  eden space 3072K, 0% used [0x00000000d5580000,0x00000000d5580000,0x00000000d5880000)
  from space 2048K, 98% used [0x00000000d5880000,0x00000000d5a79bd0,0x00000000d5a80000)
  to   space 3072K, 0% used [0x00000000d5b80000,0x00000000d5b80000,0x00000000d5e80000)
 ParOldGen       total 399360K, used 399116K [0x0000000080000000, 0x0000000098600000, 0x00000000d5580000)
  object space 399360K, 99% used [0x0000000080000000,0x00000000985c3120,0x0000000098600000)
 Metaspace       used 73473K, committed 75072K, reserved 1179648K
  class space    used 7907K, committed 8640K, reserved 1048576K
}
Event: 66.608 GC heap before
{Heap before GC invocations=407 (full 3):
 PSYoungGen      total 5120K, used 5094K [0x00000000d5580000, 0x00000000d5e80000, 0x0000000100000000)
  eden space 3072K, 100% used [0x00000000d5580000,0x00000000d5880000,0x00000000d5880000)
  from space 2048K, 98% used [0x00000000d5880000,0x00000000d5a79bd0,0x00000000d5a80000)
  to   space 3072K, 0% used [0x00000000d5b80000,0x00000000d5b80000,0x00000000d5e80000)
 ParOldGen       total 399360K, used 399116K [0x0000000080000000, 0x0000000098600000, 0x00000000d5580000)
  object space 399360K, 99% used [0x0000000080000000,0x00000000985c3120,0x0000000098600000)
 Metaspace       used 73473K, committed 75072K, reserved 1179648K
  class space    used 7907K, committed 8640K, reserved 1048576K
}
Event: 66.613 GC heap after
{Heap after GC invocations=407 (full 3):
 PSYoungGen      total 4608K, used 1049K [0x00000000d5580000, 0x00000000d5d00000, 0x0000000100000000)
  eden space 3072K, 0% used [0x00000000d5580000,0x00000000d5580000,0x00000000d5880000)
  from space 1536K, 68% used [0x00000000d5b80000,0x00000000d5c86770,0x00000000d5d00000)
  to   space 2048K, 0% used [0x00000000d5900000,0x00000000d5900000,0x00000000d5b00000)
 ParOldGen       total 400896K, used 400677K [0x0000000080000000, 0x0000000098780000, 0x00000000d5580000)
  object space 400896K, 99% used [0x0000000080000000,0x0000000098749730,0x0000000098780000)
 Metaspace       used 73473K, committed 75072K, reserved 1179648K
  class space    used 7907K, committed 8640K, reserved 1048576K
}
Event: 66.632 GC heap before
{Heap before GC invocations=408 (full 3):
 PSYoungGen      total 4608K, used 4121K [0x00000000d5580000, 0x00000000d5d00000, 0x0000000100000000)
  eden space 3072K, 100% used [0x00000000d5580000,0x00000000d5880000,0x00000000d5880000)
  from space 1536K, 68% used [0x00000000d5b80000,0x00000000d5c86770,0x00000000d5d00000)
  to   space 2048K, 0% used [0x00000000d5900000,0x00000000d5900000,0x00000000d5b00000)
 ParOldGen       total 400896K, used 400677K [0x0000000080000000, 0x0000000098780000, 0x00000000d5580000)
  object space 400896K, 99% used [0x0000000080000000,0x0000000098749730,0x0000000098780000)
 Metaspace       used 73474K, committed 75072K, reserved 1179648K
  class space    used 7907K, committed 8640K, reserved 1048576K
}
Event: 66.636 GC heap after
{Heap after GC invocations=408 (full 3):
 PSYoungGen      total 5120K, used 379K [0x00000000d5580000, 0x00000000d5c00000, 0x0000000100000000)
  eden space 3072K, 0% used [0x00000000d5580000,0x00000000d5580000,0x00000000d5880000)
  from space 2048K, 18% used [0x00000000d5900000,0x00000000d595ec08,0x00000000d5b00000)
  to   space 1024K, 0% used [0x00000000d5b00000,0x00000000d5b00000,0x00000000d5c00000)
 ParOldGen       total 401920K, used 401709K [0x0000000080000000, 0x0000000098880000, 0x00000000d5580000)
  object space 401920K, 99% used [0x0000000080000000,0x000000009884b6a0,0x0000000098880000)
 Metaspace       used 73474K, committed 75072K, reserved 1179648K
  class space    used 7907K, committed 8640K, reserved 1048576K
}
Event: 66.650 GC heap before
{Heap before GC invocations=409 (full 3):
 PSYoungGen      total 5120K, used 3451K [0x00000000d5580000, 0x00000000d5c00000, 0x0000000100000000)
  eden space 3072K, 100% used [0x00000000d5580000,0x00000000d5880000,0x00000000d5880000)
  from space 2048K, 18% used [0x00000000d5900000,0x00000000d595ec08,0x00000000d5b00000)
  to   space 1024K, 0% used [0x00000000d5b00000,0x00000000d5b00000,0x00000000d5c00000)
 ParOldGen       total 401920K, used 401709K [0x0000000080000000, 0x0000000098880000, 0x00000000d5580000)
  object space 401920K, 99% used [0x0000000080000000,0x000000009884b6a0,0x0000000098880000)
 Metaspace       used 73474K, committed 75072K, reserved 1179648K
  class space    used 7907K, committed 8640K, reserved 1048576K
}
Event: 66.654 GC heap after
{Heap after GC invocations=409 (full 3):
 PSYoungGen      total 3584K, used 384K [0x00000000d5580000, 0x00000000d5b80000, 0x0000000100000000)
  eden space 3072K, 0% used [0x00000000d5580000,0x00000000d5580000,0x00000000d5880000)
  from space 512K, 75% used [0x00000000d5b00000,0x00000000d5b60000,0x00000000d5b80000)
  to   space 512K, 0% used [0x00000000d5a80000,0x00000000d5a80000,0x00000000d5b00000)
 ParOldGen       total 402432K, used 402064K [0x0000000080000000, 0x0000000098900000, 0x00000000d5580000)
  object space 402432K, 99% used [0x0000000080000000,0x00000000988a42a8,0x0000000098900000)
 Metaspace       used 73474K, committed 75072K, reserved 1179648K
  class space    used 7907K, committed 8640K, reserved 1048576K
}
Event: 66.676 GC heap before
{Heap before GC invocations=410 (full 3):
 PSYoungGen      total 3584K, used 3456K [0x00000000d5580000, 0x00000000d5b80000, 0x0000000100000000)
  eden space 3072K, 100% used [0x00000000d5580000,0x00000000d5880000,0x00000000d5880000)
  from space 512K, 75% used [0x00000000d5b00000,0x00000000d5b60000,0x00000000d5b80000)
  to   space 512K, 0% used [0x00000000d5a80000,0x00000000d5a80000,0x00000000d5b00000)
 ParOldGen       total 402432K, used 402064K [0x0000000080000000, 0x0000000098900000, 0x00000000d5580000)
  object space 402432K, 99% used [0x0000000080000000,0x00000000988a42a8,0x0000000098900000)
 Metaspace       used 73474K, committed 75072K, reserved 1179648K
  class space    used 7907K, committed 8640K, reserved 1048576K
}
Event: 66.680 GC heap after
{Heap after GC invocations=410 (full 3):
 PSYoungGen      total 3584K, used 438K [0x00000000d5580000, 0x00000000d5b80000, 0x0000000100000000)
  eden space 3072K, 0% used [0x00000000d5580000,0x00000000d5580000,0x00000000d5880000)
  from space 512K, 85% used [0x00000000d5a80000,0x00000000d5aed808,0x00000000d5b00000)
  to   space 512K, 0% used [0x00000000d5b00000,0x00000000d5b00000,0x00000000d5b80000)
 ParOldGen       total 402432K, used 402416K [0x0000000080000000, 0x0000000098900000, 0x00000000d5580000)
  object space 402432K, 99% used [0x0000000080000000,0x00000000988fc2a8,0x0000000098900000)
 Metaspace       used 73474K, committed 75072K, reserved 1179648K
  class space    used 7907K, committed 8640K, reserved 1048576K
}
Event: 66.699 GC heap before
{Heap before GC invocations=411 (full 3):
 PSYoungGen      total 3584K, used 3510K [0x00000000d5580000, 0x00000000d5b80000, 0x0000000100000000)
  eden space 3072K, 100% used [0x00000000d5580000,0x00000000d5880000,0x00000000d5880000)
  from space 512K, 85% used [0x00000000d5a80000,0x00000000d5aed808,0x00000000d5b00000)
  to   space 512K, 0% used [0x00000000d5b00000,0x00000000d5b00000,0x00000000d5b80000)
 ParOldGen       total 402432K, used 402416K [0x0000000080000000, 0x0000000098900000, 0x00000000d5580000)
  object space 402432K, 99% used [0x0000000080000000,0x00000000988fc2a8,0x0000000098900000)
 Metaspace       used 73474K, committed 75072K, reserved 1179648K
  class space    used 7907K, committed 8640K, reserved 1048576K
}
Event: 66.701 GC heap after
{Heap after GC invocations=411 (full 3):
 PSYoungGen      total 3584K, used 416K [0x00000000d5580000, 0x00000000d5b80000, 0x0000000100000000)
  eden space 3072K, 0% used [0x00000000d5580000,0x00000000d5580000,0x00000000d5880000)
  from space 512K, 81% used [0x00000000d5b00000,0x00000000d5b68000,0x00000000d5b80000)
  to   space 512K, 0% used [0x00000000d5a80000,0x00000000d5a80000,0x00000000d5b00000)
 ParOldGen       total 402944K, used 402806K [0x0000000080000000, 0x0000000098980000, 0x00000000d5580000)
  object space 402944K, 99% used [0x0000000080000000,0x000000009895dab0,0x0000000098980000)
 Metaspace       used 73474K, committed 75072K, reserved 1179648K
  class space    used 7907K, committed 8640K, reserved 1048576K
}
Event: 66.716 GC heap before
{Heap before GC invocations=412 (full 3):
 PSYoungGen      total 3584K, used 3488K [0x00000000d5580000, 0x00000000d5b80000, 0x0000000100000000)
  eden space 3072K, 100% used [0x00000000d5580000,0x00000000d5880000,0x00000000d5880000)
  from space 512K, 81% used [0x00000000d5b00000,0x00000000d5b68000,0x00000000d5b80000)
  to   space 512K, 0% used [0x00000000d5a80000,0x00000000d5a80000,0x00000000d5b00000)
 ParOldGen       total 402944K, used 402806K [0x0000000080000000, 0x0000000098980000, 0x00000000d5580000)
  object space 402944K, 99% used [0x0000000080000000,0x000000009895dab0,0x0000000098980000)
 Metaspace       used 73474K, committed 75072K, reserved 1179648K
  class space    used 7907K, committed 8640K, reserved 1048576K
}
Event: 66.718 GC heap after
{Heap after GC invocations=412 (full 3):
 PSYoungGen      total 3584K, used 384K [0x00000000d5580000, 0x00000000d5b80000, 0x0000000100000000)
  eden space 3072K, 0% used [0x00000000d5580000,0x00000000d5580000,0x00000000d5880000)
  from space 512K, 75% used [0x00000000d5a80000,0x00000000d5ae0000,0x00000000d5b00000)
  to   space 512K, 0% used [0x00000000d5b00000,0x00000000d5b00000,0x00000000d5b80000)
 ParOldGen       total 403456K, used 403150K [0x0000000080000000, 0x0000000098a00000, 0x00000000d5580000)
  object space 403456K, 99% used [0x0000000080000000,0x00000000989b3ab0,0x0000000098a00000)
 Metaspace       used 73474K, committed 75072K, reserved 1179648K
  class space    used 7907K, committed 8640K, reserved 1048576K
}

Dll operation events (14 events):
Event: 0.020 Loaded shared library c:\Users\Johnny\.antigravity-ide\extensions\redhat.java-1.54.0-win32-x64\jre\21.0.10-win32-x86_64\bin\java.dll
Event: 0.206 Loaded shared library c:\Users\Johnny\.antigravity-ide\extensions\redhat.java-1.54.0-win32-x64\jre\21.0.10-win32-x86_64\bin\zip.dll
Event: 0.252 Loaded shared library C:\Users\Johnny\.antigravity-ide\extensions\redhat.java-1.54.0-win32-x64\jre\21.0.10-win32-x86_64\bin\instrument.dll
Event: 0.260 Loaded shared library C:\Users\Johnny\.antigravity-ide\extensions\redhat.java-1.54.0-win32-x64\jre\21.0.10-win32-x86_64\bin\net.dll
Event: 0.263 Loaded shared library C:\Users\Johnny\.antigravity-ide\extensions\redhat.java-1.54.0-win32-x64\jre\21.0.10-win32-x86_64\bin\nio.dll
Event: 0.268 Loaded shared library C:\Users\Johnny\.antigravity-ide\extensions\redhat.java-1.54.0-win32-x64\jre\21.0.10-win32-x86_64\bin\zip.dll
Event: 0.321 Loaded shared library C:\Users\Johnny\.antigravity-ide\extensions\redhat.java-1.54.0-win32-x64\jre\21.0.10-win32-x86_64\bin\jimage.dll
Event: 0.527 Loaded shared library c:\Users\Johnny\.antigravity-ide\extensions\redhat.java-1.54.0-win32-x64\jre\21.0.10-win32-x86_64\bin\verify.dll
Event: 6.444 Loaded shared library C:\Users\Johnny\AppData\Roaming\Antigravity IDE\User\globalStorage\redhat.java\1.54.0\config_win\org.eclipse.equinox.launcher\org.eclipse.equinox.launcher.win32.win32.x86_64_1.3.0.v20260203-2149\eclipse_11919.dll
Event: 24.017 Loaded shared library C:\Users\Johnny\.antigravity-ide\extensions\redhat.java-1.54.0-win32-x64\jre\21.0.10-win32-x86_64\bin\management.dll
Event: 24.020 Loaded shared library C:\Users\Johnny\.antigravity-ide\extensions\redhat.java-1.54.0-win32-x64\jre\21.0.10-win32-x86_64\bin\management_ext.dll
Event: 27.081 Loaded shared library C:\Users\Johnny\AppData\Local\Temp\jna--2070691786\jna130286547078234918.dll
Event: 29.152 Loaded shared library C:\Users\Johnny\.antigravity-ide\extensions\redhat.java-1.54.0-win32-x64\jre\21.0.10-win32-x86_64\bin\sunmscapi.dll
Event: 29.816 Loaded shared library C:\Users\Johnny\.antigravity-ide\extensions\redhat.java-1.54.0-win32-x64\jre\21.0.10-win32-x86_64\bin\extnet.dll

Deoptimization events (20 events):
Event: 66.536 Thread 0x000001e3e45ad3e0 DEOPT PACKING pc=0x000001e38b89dace sp=0x000000b9434fefb0
Event: 66.536 Thread 0x000001e3e45ad3e0 DEOPT UNPACKING pc=0x000001e391474242 sp=0x000000b9434fe4b0 mode 0
Event: 66.538 Thread 0x000001e3e45ad3e0 DEOPT PACKING pc=0x000001e38b89dace sp=0x000000b9434fefb0
Event: 66.538 Thread 0x000001e3e45ad3e0 DEOPT UNPACKING pc=0x000001e391474242 sp=0x000000b9434fe4b0 mode 0
Event: 66.542 Thread 0x000001e3e45ad3e0 DEOPT PACKING pc=0x000001e38b89dace sp=0x000000b9434fefb0
Event: 66.542 Thread 0x000001e3e45ad3e0 DEOPT UNPACKING pc=0x000001e391474242 sp=0x000000b9434fe4b0 mode 0
Event: 66.551 Thread 0x000001e3e45ad3e0 DEOPT PACKING pc=0x000001e38b89dace sp=0x000000b9434fefb0
Event: 66.551 Thread 0x000001e3e45ad3e0 DEOPT UNPACKING pc=0x000001e391474242 sp=0x000000b9434fe4b0 mode 0
Event: 66.553 Thread 0x000001e3e45ad3e0 DEOPT PACKING pc=0x000001e38b89dbcc sp=0x000000b9434fefb0
Event: 66.553 Thread 0x000001e3e45ad3e0 DEOPT UNPACKING pc=0x000001e391474242 sp=0x000000b9434fe4b0 mode 0
Event: 66.554 Thread 0x000001e3e45ad3e0 DEOPT PACKING pc=0x000001e38b89dace sp=0x000000b9434fefb0
Event: 66.554 Thread 0x000001e3e45ad3e0 DEOPT UNPACKING pc=0x000001e391474242 sp=0x000000b9434fe4b0 mode 0
Event: 66.559 Thread 0x000001e3e45ad3e0 Uncommon trap: trap_request=0xffffff45 fr.pc=0x000001e3922387c8 relative=0x0000000000000128
Event: 66.559 Thread 0x000001e3e45ad3e0 Uncommon trap: reason=unstable_if action=reinterpret pc=0x000001e3922387c8 method=org.eclipse.jdt.internal.core.index.DiskIndex.writeStreamInt(Ljava/io/OutputStream;I)V @ 9 c2
Event: 66.559 Thread 0x000001e3e45ad3e0 DEOPT PACKING pc=0x000001e3922387c8 sp=0x000000b9434ff060
Event: 66.559 Thread 0x000001e3e45ad3e0 DEOPT UNPACKING pc=0x000001e391473aa2 sp=0x000000b9434ff008 mode 2
Event: 66.582 Thread 0x000001e3e45ad3e0 Uncommon trap: trap_request=0xffffffbe fr.pc=0x000001e39215dbfc relative=0x00000000000005bc
Event: 66.582 Thread 0x000001e3e45ad3e0 Uncommon trap: reason=profile_predicate action=maybe_recompile pc=0x000001e39215dbfc method=org.eclipse.jdt.internal.compiler.util.SimpleLookupTable.put(Ljava/lang/Object;Ljava/lang/Object;)Ljava/lang/Object; @ 61 c2
Event: 66.582 Thread 0x000001e3e45ad3e0 DEOPT PACKING pc=0x000001e39215dbfc sp=0x000000b9434ff300
Event: 66.583 Thread 0x000001e3e45ad3e0 DEOPT UNPACKING pc=0x000001e391473aa2 sp=0x000000b9434ff2b8 mode 2

Classes loaded (20 events):
Event: 53.564 Loading class java/util/stream/ReduceOps$CountingSink$OfRef
Event: 53.564 Loading class java/util/stream/ReduceOps$CountingSink
Event: 53.564 Loading class java/util/stream/ReduceOps$CountingSink done
Event: 53.564 Loading class java/util/stream/ReduceOps$CountingSink$OfRef done
Event: 53.746 Loading class java/util/stream/ReduceOps$1
Event: 53.746 Loading class java/util/stream/ReduceOps$1 done
Event: 53.746 Loading class java/util/stream/ReduceOps$1ReducingSink
Event: 53.746 Loading class java/util/stream/ReduceOps$1ReducingSink done
Event: 53.871 Loading class org/xml/sax/SAXNotRecognizedException
Event: 53.871 Loading class org/xml/sax/SAXNotRecognizedException done
Event: 53.871 Loading class org/xml/sax/SAXNotSupportedException
Event: 53.871 Loading class org/xml/sax/SAXNotSupportedException done
Event: 53.872 Loading class com/sun/org/apache/xerces/internal/util/URI
Event: 53.873 Loading class com/sun/org/apache/xerces/internal/util/URI done
Event: 53.881 Loading class com/sun/org/apache/xerces/internal/xni/XNIException
Event: 53.881 Loading class com/sun/org/apache/xerces/internal/xni/XNIException done
Event: 53.882 Loading class com/sun/org/apache/xerces/internal/xni/parser/XMLParseException
Event: 53.882 Loading class com/sun/org/apache/xerces/internal/xni/parser/XMLParseException done
Event: 56.037 Loading class java/lang/UnsupportedClassVersionError
Event: 56.038 Loading class java/lang/UnsupportedClassVersionError done

Classes unloaded (9 events):
Event: 25.060 Thread 0x000001e39d6ad5e0 Unloading class 0x000001e39f1b5000 'java/lang/invoke/LambdaForm$MH+0x000001e39f1b5000'
Event: 25.060 Thread 0x000001e39d6ad5e0 Unloading class 0x000001e39f1b4c00 'java/lang/invoke/LambdaForm$MH+0x000001e39f1b4c00'
Event: 25.060 Thread 0x000001e39d6ad5e0 Unloading class 0x000001e39f1b4800 'java/lang/invoke/LambdaForm$MH+0x000001e39f1b4800'
Event: 25.060 Thread 0x000001e39d6ad5e0 Unloading class 0x000001e39f1b4400 'java/lang/invoke/LambdaForm$MH+0x000001e39f1b4400'
Event: 25.060 Thread 0x000001e39d6ad5e0 Unloading class 0x000001e39f1b4000 'java/lang/invoke/LambdaForm$BMH+0x000001e39f1b4000'
Event: 25.060 Thread 0x000001e39d6ad5e0 Unloading class 0x000001e39f1b3c00 'java/lang/invoke/LambdaForm$DMH+0x000001e39f1b3c00'
Event: 25.060 Thread 0x000001e39d6ad5e0 Unloading class 0x000001e39f1b2800 'java/lang/invoke/LambdaForm$DMH+0x000001e39f1b2800'
Event: 28.081 Thread 0x000001e39d6ad5e0 Unloading class 0x000001e39f2f1c00 'java/lang/invoke/LambdaForm$MH+0x000001e39f2f1c00'
Event: 40.401 Thread 0x000001e39d6ad5e0 Unloading class 0x000001e39f658800 'java/lang/invoke/LambdaForm$DMH+0x000001e39f658800'

Classes redefined (0 events):
No events

Internal exceptions (20 events):
Event: 51.001 Thread 0x000001e3e51fefd0 Exception <a 'sun/nio/fs/WindowsException'{0x00000000d62556f8}> (0x00000000d62556f8) 
thrown [s\src\hotspot\share\prims\jni.cpp, line 520]
Event: 51.001 Thread 0x000001e3e51fefd0 Exception <a 'sun/nio/fs/WindowsException'{0x00000000d6255fc8}> (0x00000000d6255fc8) 
thrown [s\src\hotspot\share\prims\jni.cpp, line 520]
Event: 51.020 Thread 0x000001e3e51fefd0 Exception <a 'sun/nio/fs/WindowsException'{0x00000000d632c128}> (0x00000000d632c128) 
thrown [s\src\hotspot\share\prims\jni.cpp, line 520]
Event: 51.020 Thread 0x000001e3e51fefd0 Exception <a 'sun/nio/fs/WindowsException'{0x00000000d632c9f8}> (0x00000000d632c9f8) 
thrown [s\src\hotspot\share\prims\jni.cpp, line 520]
Event: 51.119 Thread 0x000001e3e51ffcf0 Exception <a 'java/lang/ArrayIndexOutOfBoundsException'{0x00000000d582fea8}: Index 60 out of bounds for length 60> (0x00000000d582fea8) 
thrown [s\src\hotspot\share\interpreter\interpreterRuntime.cpp, line 439]
Event: 51.121 Thread 0x000001e3e45ad3e0 Exception <a 'sun/nio/fs/WindowsException'{0x00000000d567b060}> (0x00000000d567b060) 
thrown [s\src\hotspot\share\prims\jni.cpp, line 520]
Event: 51.139 Thread 0x000001e3e51ffcf0 Exception <a 'java/lang/ArrayIndexOutOfBoundsException'{0x00000000d5846b10}: Index 60 out of bounds for length 60> (0x00000000d5846b10) 
thrown [s\src\hotspot\share\interpreter\interpreterRuntime.cpp, line 439]
Event: 51.196 Thread 0x000001e3e45ad3e0 Exception <a 'sun/nio/fs/WindowsException'{0x00000000d5681678}> (0x00000000d5681678) 
thrown [s\src\hotspot\share\prims\jni.cpp, line 520]
Event: 52.160 Thread 0x000001e3e45aa5f0 Exception <a 'java/lang/NoSuchMethodError'{0x00000000d59d38b8}: 'java.lang.Object java.lang.invoke.DirectMethodHandle$Holder.invokeSpecial(java.lang.Object, java.lang.Object, int, long)'> (0x00000000d59d38b8) 
thrown [s\src\hotspot\share\interpreter\linkResolver.cpp, line 773]
Event: 52.520 Thread 0x000001e3e51ffcf0 Exception <a 'java/lang/IncompatibleClassChangeError'{0x00000000d5e5af80}: Found class java.lang.Object, but interface was expected> (0x00000000d5e5af80) 
thrown [s\src\hotspot\share\interpreter\linkResolver.cpp, line 840]
Event: 52.945 Thread 0x000001e3e45ad3e0 Implicit null exception at 0x000001e3920adee9 to 0x000001e3920ae108
Event: 53.572 Thread 0x000001e3e51fefd0 Exception <a 'sun/nio/fs/WindowsException'{0x00000000d5615908}> (0x00000000d5615908) 
thrown [s\src\hotspot\share\prims\jni.cpp, line 520]
Event: 53.609 Thread 0x000001e3e51fefd0 Exception <a 'sun/nio/fs/WindowsException'{0x00000000d56161d8}> (0x00000000d56161d8) 
thrown [s\src\hotspot\share\prims\jni.cpp, line 520]
Event: 53.927 Thread 0x000001e3e51fefd0 Exception <a 'java/lang/NoSuchMethodError'{0x00000000d5d5f6b0}: 'java.lang.Object java.lang.invoke.DirectMethodHandle$Holder.invokeStatic(java.lang.Object, java.lang.Object, int, java.lang.Object)'> (0x00000000d5d5f6b0) 
thrown [s\src\hotspot\share\interpreter\linkResolver.cpp, line 773]
Event: 55.735 Thread 0x000001e3e45ad3e0 Implicit null exception at 0x000001e392170113 to 0x000001e392175318
Event: 56.026 Thread 0x000001e3e791ca20 Exception <a 'java/lang/ArrayIndexOutOfBoundsException'{0x00000000d5832408}: Index 60 out of bounds for length 60> (0x00000000d5832408) 
thrown [s\src\hotspot\share\interpreter\interpreterRuntime.cpp, line 439]
Event: 56.049 Thread 0x000001e3e5201dc0 Exception <a 'java/lang/NoSuchMethodError'{0x00000000d5d0af68}: 'int java.lang.invoke.Invokers$Holder.invokeExact_MT(java.lang.Object, java.lang.Object)'> (0x00000000d5d0af68) 
thrown [s\src\hotspot\share\interpreter\linkResolver.cpp, line 773]
Event: 56.181 Thread 0x000001e3e5201dc0 Exception <a 'java/lang/IncompatibleClassChangeError'{0x00000000d58c9f20}: Found class java.lang.Object, but interface was expected> (0x00000000d58c9f20) 
thrown [s\src\hotspot\share\interpreter\linkResolver.cpp, line 840]
Event: 65.886 Thread 0x000001e3e45ad3e0 Exception <a 'sun/nio/fs/WindowsException'{0x00000000d55d03a0}> (0x00000000d55d03a0) 
thrown [s\src\hotspot\share\prims\jni.cpp, line 520]
Event: 66.582 Thread 0x000001e3e45ad3e0 Exception <a 'sun/nio/fs/WindowsException'{0x00000000d5642500}> (0x00000000d5642500) 
thrown [s\src\hotspot\share\prims\jni.cpp, line 520]

ZGC Phase Switch (0 events):
No events

VM Operations (20 events):
Event: 66.392 Executing safepoint VM operation: ParallelGCFailedAllocation (Allocation Failure)
Event: 66.395 Executing safepoint VM operation: ParallelGCFailedAllocation (Allocation Failure) done
Event: 66.412 Executing safepoint VM operation: ParallelGCFailedAllocation (Allocation Failure)
Event: 66.415 Executing safepoint VM operation: ParallelGCFailedAllocation (Allocation Failure) done
Event: 66.465 Executing safepoint VM operation: ParallelGCFailedAllocation (Allocation Failure)
Event: 66.470 Executing safepoint VM operation: ParallelGCFailedAllocation (Allocation Failure) done
Event: 66.515 Executing safepoint VM operation: ParallelGCFailedAllocation (Allocation Failure)
Event: 66.519 Executing safepoint VM operation: ParallelGCFailedAllocation (Allocation Failure) done
Event: 66.608 Executing safepoint VM operation: ParallelGCFailedAllocation (Allocation Failure)
Event: 66.613 Executing safepoint VM operation: ParallelGCFailedAllocation (Allocation Failure) done
Event: 66.632 Executing safepoint VM operation: ParallelGCFailedAllocation (Allocation Failure)
Event: 66.636 Executing safepoint VM operation: ParallelGCFailedAllocation (Allocation Failure) done
Event: 66.650 Executing safepoint VM operation: ParallelGCFailedAllocation (Allocation Failure)
Event: 66.654 Executing safepoint VM operation: ParallelGCFailedAllocation (Allocation Failure) done
Event: 66.676 Executing safepoint VM operation: ParallelGCFailedAllocation (Allocation Failure)
Event: 66.680 Executing safepoint VM operation: ParallelGCFailedAllocation (Allocation Failure) done
Event: 66.699 Executing safepoint VM operation: ParallelGCFailedAllocation (Allocation Failure)
Event: 66.701 Executing safepoint VM operation: ParallelGCFailedAllocation (Allocation Failure) done
Event: 66.716 Executing safepoint VM operation: ParallelGCFailedAllocation (Allocation Failure)
Event: 66.718 Executing safepoint VM operation: ParallelGCFailedAllocation (Allocation Failure) done

Memory protections (0 events):
No events

Nmethod flushes (20 events):
Event: 40.425 Thread 0x000001e39d6ad5e0 flushing  nmethod 0x000001e38a8a7a10
Event: 40.425 Thread 0x000001e39d6ad5e0 flushing  nmethod 0x000001e38a8add10
Event: 40.425 Thread 0x000001e39d6ad5e0 flushing  nmethod 0x000001e38a8cb010
Event: 40.425 Thread 0x000001e39d6ad5e0 flushing  nmethod 0x000001e38a8d6a90
Event: 40.425 Thread 0x000001e39d6ad5e0 flushing  nmethod 0x000001e38a8d9790
Event: 40.425 Thread 0x000001e39d6ad5e0 flushing  nmethod 0x000001e38a8db790
Event: 40.425 Thread 0x000001e39d6ad5e0 flushing  nmethod 0x000001e38a8dbd90
Event: 40.425 Thread 0x000001e39d6ad5e0 flushing  nmethod 0x000001e38a8dc610
Event: 40.425 Thread 0x000001e39d6ad5e0 flushing  nmethod 0x000001e38a8e3c90
Event: 40.425 Thread 0x000001e39d6ad5e0 flushing  nmethod 0x000001e38a8ef190
Event: 40.425 Thread 0x000001e39d6ad5e0 flushing  nmethod 0x000001e38a8f4410
Event: 40.425 Thread 0x000001e39d6ad5e0 flushing  nmethod 0x000001e38a8f8e90
Event: 40.425 Thread 0x000001e39d6ad5e0 flushing  nmethod 0x000001e38a914e90
Event: 40.425 Thread 0x000001e39d6ad5e0 flushing  nmethod 0x000001e38a928090
Event: 40.425 Thread 0x000001e39d6ad5e0 flushing  nmethod 0x000001e38a928510
Event: 40.425 Thread 0x000001e39d6ad5e0 flushing  nmethod 0x000001e38a92ea10
Event: 40.425 Thread 0x000001e39d6ad5e0 flushing  nmethod 0x000001e38a92ee90
Event: 40.425 Thread 0x000001e39d6ad5e0 flushing  nmethod 0x000001e38a930410
Event: 40.425 Thread 0x000001e39d6ad5e0 flushing  nmethod 0x000001e38a96af90
Event: 40.425 Thread 0x000001e39d6ad5e0 flushing  nmethod 0x000001e38a982c90

Events (20 events):
Event: 47.055 Thread 0x000001e3e791d0b0 Thread exited: 0x000001e3e791d0b0
Event: 47.070 Thread 0x000001e3e45ab310 Thread added: 0x000001e3e791d0b0
Event: 47.116 Thread 0x000001e3e791d0b0 Thread exited: 0x000001e3e791d0b0
Event: 48.273 Thread 0x000001e3e51fbb50 Thread added: 0x000001e3e791d740
Event: 48.332 Thread 0x000001e3e51fbb50 Thread added: 0x000001e3e791d0b0
Event: 48.334 Thread 0x000001e3e791d740 Thread added: 0x000001e3e791ddd0
Event: 48.338 Thread 0x000001e3e791d740 Thread added: 0x000001e3e791a950
Event: 49.148 Thread 0x000001e3e460c970 Thread exited: 0x000001e3e460c970
Event: 49.164 Thread 0x000001e3e51fbb50 Thread added: 0x000001e3e791b670
Event: 49.164 Thread 0x000001e3e51fbb50 Thread added: 0x000001e3e51fc1e0
Event: 49.223 Thread 0x000001e3e791ca20 Thread added: 0x000001e3e51fd590
Event: 49.245 Thread 0x000001e39d7044b0 Thread added: 0x000001e3e460c2a0
Event: 49.288 Thread 0x000001e3e51fbb50 Thread added: 0x000001e3e5200a10
Event: 49.298 Thread 0x000001e3e51fd590 Thread added: 0x000001e3e5201dc0
Event: 49.447 Thread 0x000001e3e51fbb50 Thread added: 0x000001e3e5202450
Event: 49.498 Thread 0x000001e3e51fbb50 Thread added: 0x000001e3ec1fc760
Event: 52.343 Thread 0x000001e3e460c2a0 Thread exited: 0x000001e3e460c2a0
Event: 52.858 Thread 0x000001e39d7044b0 Thread added: 0x000001e3e460c2a0
Event: 58.372 Thread 0x000001e3e460c2a0 Thread exited: 0x000001e3e460c2a0
Event: 65.259 Thread 0x000001e39d6d21c0 Thread added: 0x000001e3e460c2a0


Dynamic libraries:
0x00007ff64de20000 - 0x00007ff64de2e000 	c:\Users\Johnny\.antigravity-ide\extensions\redhat.java-1.54.0-win32-x64\jre\21.0.10-win32-x86_64\bin\java.exe
0x00007ffca4110000 - 0x00007ffca4308000 	C:\Windows\SYSTEM32\ntdll.dll
0x00007ffca2950000 - 0x00007ffca2a12000 	C:\Windows\System32\KERNEL32.DLL
0x00007ffca17f0000 - 0x00007ffca1ae6000 	C:\Windows\System32\KERNELBASE.dll
0x00007ffca1e50000 - 0x00007ffca1f50000 	C:\Windows\System32\ucrtbase.dll
0x00007ffc8ee40000 - 0x00007ffc8ee58000 	c:\Users\Johnny\.antigravity-ide\extensions\redhat.java-1.54.0-win32-x64\jre\21.0.10-win32-x86_64\bin\jli.dll
0x00007ffca25b0000 - 0x00007ffca2751000 	C:\Windows\System32\USER32.dll
0x00007ffca2060000 - 0x00007ffca2082000 	C:\Windows\System32\win32u.dll
0x00007ffca23a0000 - 0x00007ffca23cb000 	C:\Windows\System32\GDI32.dll
0x00007ffca1af0000 - 0x00007ffca1c09000 	C:\Windows\System32\gdi32full.dll
0x00007ffca2090000 - 0x00007ffca212d000 	C:\Windows\System32\msvcp_win.dll
0x00007ffc8ed40000 - 0x00007ffc8ed5e000 	c:\Users\Johnny\.antigravity-ide\extensions\redhat.java-1.54.0-win32-x64\jre\21.0.10-win32-x86_64\bin\VCRUNTIME140.dll
0x00007ffc8af60000 - 0x00007ffc8b1fb000 	C:\Windows\WinSxS\amd64_microsoft.windows.common-controls_6595b64144ccf1df_6.0.19041.6456_none_60b8a6cb71f64256\COMCTL32.dll
0x00007ffca2ad0000 - 0x00007ffca2b6e000 	C:\Windows\System32\msvcrt.dll
0x00007ffca3c00000 - 0x00007ffca3c2f000 	C:\Windows\System32\IMM32.DLL
0x00007ffc9ba20000 - 0x00007ffc9ba2c000 	c:\Users\Johnny\.antigravity-ide\extensions\redhat.java-1.54.0-win32-x64\jre\21.0.10-win32-x86_64\bin\vcruntime140_1.dll
0x00007ffc72af0000 - 0x00007ffc72b7d000 	c:\Users\Johnny\.antigravity-ide\extensions\redhat.java-1.54.0-win32-x64\jre\21.0.10-win32-x86_64\bin\msvcp140.dll
0x00007ffc39640000 - 0x00007ffc3a3e1000 	c:\Users\Johnny\.antigravity-ide\extensions\redhat.java-1.54.0-win32-x64\jre\21.0.10-win32-x86_64\bin\server\jvm.dll
0x00007ffca22d0000 - 0x00007ffca2381000 	C:\Windows\System32\ADVAPI32.dll
0x00007ffca33f0000 - 0x00007ffca348f000 	C:\Windows\System32\sechost.dll
0x00007ffca21b0000 - 0x00007ffca22d0000 	C:\Windows\System32\RPCRT4.dll
0x00007ffca1c10000 - 0x00007ffca1c37000 	C:\Windows\System32\bcrypt.dll
0x00007ffca31d0000 - 0x00007ffca323b000 	C:\Windows\System32\WS2_32.dll
0x00007ffca1550000 - 0x00007ffca159b000 	C:\Windows\SYSTEM32\POWRPROF.dll
0x00007ffc814d0000 - 0x00007ffc814f7000 	C:\Windows\SYSTEM32\WINMM.dll
0x00007ffc9bde0000 - 0x00007ffc9bdea000 	C:\Windows\SYSTEM32\VERSION.dll
0x00007ffca1530000 - 0x00007ffca1542000 	C:\Windows\SYSTEM32\UMPDC.dll
0x00007ffc9f5d0000 - 0x00007ffc9f5e2000 	C:\Windows\SYSTEM32\kernel.appcore.dll
0x00007ffc8ee30000 - 0x00007ffc8ee3a000 	c:\Users\Johnny\.antigravity-ide\extensions\redhat.java-1.54.0-win32-x64\jre\21.0.10-win32-x86_64\bin\jimage.dll
0x00007ffc96cc0000 - 0x00007ffc96ec1000 	C:\Windows\SYSTEM32\DBGHELP.DLL
0x00007ffc78280000 - 0x00007ffc782b4000 	C:\Windows\SYSTEM32\dbgcore.DLL
0x00007ffca1fd0000 - 0x00007ffca2052000 	C:\Windows\System32\bcryptPrimitives.dll
0x00007ffc89d70000 - 0x00007ffc89d7f000 	c:\Users\Johnny\.antigravity-ide\extensions\redhat.java-1.54.0-win32-x64\jre\21.0.10-win32-x86_64\bin\instrument.dll
0x00007ffc89d50000 - 0x00007ffc89d70000 	c:\Users\Johnny\.antigravity-ide\extensions\redhat.java-1.54.0-win32-x64\jre\21.0.10-win32-x86_64\bin\java.dll
0x00007ffca3490000 - 0x00007ffca3c00000 	C:\Windows\System32\SHELL32.dll
0x00007ffc9f7d0000 - 0x00007ffc9ff75000 	C:\Windows\SYSTEM32\windows.storage.dll
0x00007ffca3d70000 - 0x00007ffca40c4000 	C:\Windows\System32\combase.dll
0x00007ffca1080000 - 0x00007ffca10ab000 	C:\Windows\SYSTEM32\Wldp.dll
0x00007ffca2810000 - 0x00007ffca28dd000 	C:\Windows\System32\OLEAUT32.dll
0x00007ffca2760000 - 0x00007ffca280d000 	C:\Windows\System32\SHCORE.dll
0x00007ffca2fe0000 - 0x00007ffca303b000 	C:\Windows\System32\shlwapi.dll
0x00007ffca16d0000 - 0x00007ffca16f4000 	C:\Windows\SYSTEM32\profapi.dll
0x00007ffc89cf0000 - 0x00007ffc89d08000 	c:\Users\Johnny\.antigravity-ide\extensions\redhat.java-1.54.0-win32-x64\jre\21.0.10-win32-x86_64\bin\zip.dll
0x00007ffc89d40000 - 0x00007ffc89d50000 	C:\Users\Johnny\.antigravity-ide\extensions\redhat.java-1.54.0-win32-x64\jre\21.0.10-win32-x86_64\bin\net.dll
0x00007ffc95c60000 - 0x00007ffc95d6a000 	C:\Windows\SYSTEM32\WINHTTP.dll
0x00007ffca0df0000 - 0x00007ffca0e5a000 	C:\Windows\system32\mswsock.dll
0x00007ffc89cd0000 - 0x00007ffc89ce6000 	C:\Users\Johnny\.antigravity-ide\extensions\redhat.java-1.54.0-win32-x64\jre\21.0.10-win32-x86_64\bin\nio.dll
0x00007ffc87b80000 - 0x00007ffc87b90000 	c:\Users\Johnny\.antigravity-ide\extensions\redhat.java-1.54.0-win32-x64\jre\21.0.10-win32-x86_64\bin\verify.dll
0x00007ffc77350000 - 0x00007ffc77395000 	C:\Users\Johnny\AppData\Roaming\Antigravity IDE\User\globalStorage\redhat.java\1.54.0\config_win\org.eclipse.equinox.launcher\org.eclipse.equinox.launcher.win32.win32.x86_64_1.3.0.v20260203-2149\eclipse_11919.dll
0x00007ffca30a0000 - 0x00007ffca31cb000 	C:\Windows\System32\ole32.dll
0x00007ffc87b70000 - 0x00007ffc87b7a000 	C:\Users\Johnny\.antigravity-ide\extensions\redhat.java-1.54.0-win32-x64\jre\21.0.10-win32-x86_64\bin\management.dll
0x00007ffc87b60000 - 0x00007ffc87b6c000 	C:\Users\Johnny\.antigravity-ide\extensions\redhat.java-1.54.0-win32-x64\jre\21.0.10-win32-x86_64\bin\management_ext.dll
0x00007ffca2390000 - 0x00007ffca2398000 	C:\Windows\System32\PSAPI.DLL
0x00007ffca1410000 - 0x00007ffca1428000 	C:\Windows\SYSTEM32\CRYPTSP.dll
0x00007ffca0730000 - 0x00007ffca0768000 	C:\Windows\system32\rsaenh.dll
0x00007ffca1690000 - 0x00007ffca16be000 	C:\Windows\SYSTEM32\USERENV.dll
0x00007ffca0ff0000 - 0x00007ffca0ffc000 	C:\Windows\SYSTEM32\CRYPTBASE.dll
0x00007ffca0af0000 - 0x00007ffca0b2b000 	C:\Windows\SYSTEM32\IPHLPAPI.DLL
0x00007ffca24c0000 - 0x00007ffca24c8000 	C:\Windows\System32\NSI.dll
0x00007ffc6a770000 - 0x00007ffc6a7b9000 	C:\Users\Johnny\AppData\Local\Temp\jna--2070691786\jna130286547078234918.dll
0x00007ffc976d0000 - 0x00007ffc976e7000 	C:\Windows\SYSTEM32\dhcpcsvc6.DLL
0x00007ffc976b0000 - 0x00007ffc976cd000 	C:\Windows\SYSTEM32\dhcpcsvc.DLL
0x00007ffc87b50000 - 0x00007ffc87b5e000 	C:\Users\Johnny\.antigravity-ide\extensions\redhat.java-1.54.0-win32-x64\jre\21.0.10-win32-x86_64\bin\sunmscapi.dll
0x00007ffca1cf0000 - 0x00007ffca1e4d000 	C:\Windows\System32\CRYPT32.dll
0x00007ffca10f0000 - 0x00007ffca1117000 	C:\Windows\SYSTEM32\ncrypt.dll
0x00007ffca10b0000 - 0x00007ffca10eb000 	C:\Windows\SYSTEM32\NTASN1.dll
0x00007ffca0b30000 - 0x00007ffca0bfa000 	C:\Windows\SYSTEM32\DNSAPI.dll
0x00007ffc8b320000 - 0x00007ffc8b32a000 	C:\Windows\System32\rasadhlp.dll
0x00007ffc936b0000 - 0x00007ffc93730000 	C:\Windows\System32\fwpuclnt.dll
0x00007ffc87b40000 - 0x00007ffc87b49000 	C:\Users\Johnny\.antigravity-ide\extensions\redhat.java-1.54.0-win32-x64\jre\21.0.10-win32-x86_64\bin\extnet.dll
0x00007ffca0980000 - 0x00007ffca09b3000 	C:\Windows\SYSTEM32\ntmarta.dll

JVMTI agents:
c:\Users\Johnny\.antigravity-ide\extensions\redhat.java-1.54.0-win32-x64\lombok\lombok-1.18.39-4050.jar path:c:\Users\Johnny\.antigravity-ide\extensions\redhat.java-1.54.0-win32-x64\jre\21.0.10-win32-x86_64\bin\instrument.dll, loaded, initialized, instrumentlib options:none

dbghelp: loaded successfully - version: 4.0.5 - missing functions: none
symbol engine: initialized successfully - sym options: 0x614 - pdb path: .;c:\Users\Johnny\.antigravity-ide\extensions\redhat.java-1.54.0-win32-x64\jre\21.0.10-win32-x86_64\bin;C:\Windows\SYSTEM32;C:\Windows\WinSxS\amd64_microsoft.windows.common-controls_6595b64144ccf1df_6.0.19041.6456_none_60b8a6cb71f64256;c:\Users\Johnny\.antigravity-ide\extensions\redhat.java-1.54.0-win32-x64\jre\21.0.10-win32-x86_64\bin\server;C:\Users\Johnny\AppData\Roaming\Antigravity IDE\User\globalStorage\redhat.java\1.54.0\config_win\org.eclipse.equinox.launcher\org.eclipse.equinox.launcher.win32.win32.x86_64_1.3.0.v20260203-2149;C:\Users\Johnny\AppData\Local\Temp\jna--2070691786

VM Arguments:
jvm_args: --add-modules=ALL-SYSTEM --add-opens=java.base/java.util=ALL-UNNAMED --add-opens=java.base/java.lang=ALL-UNNAMED --add-opens=java.base/sun.nio.fs=ALL-UNNAMED -Declipse.application=org.eclipse.jdt.ls.core.id1 -Dosgi.bundles.defaultStartLevel=4 -Declipse.product=org.eclipse.jdt.ls.core.product -Djava.import.generatesMetadataFilesAtProjectRoot=false -DDetectVMInstallationsJob.disabled=true -Dfile.encoding=utf8 -XX:+UseParallelGC -XX:GCTimeRatio=4 -XX:AdaptiveSizePolicyWeight=90 -Dsun.zip.disableMemoryMapping=true -Xmx2G -Xms100m -Xlog:disable -javaagent:c:\Users\Johnny\.antigravity-ide\extensions\redhat.java-1.54.0-win32-x64\lombok\lombok-1.18.39-4050.jar -XX:+HeapDumpOnOutOfMemoryError -XX:HeapDumpPath=c:\Users\Johnny\AppData\Roaming\Antigravity IDE\User\workspaceStorage\f5ff97b3b31b1eeeb501d9c5edb64fde\redhat.java -Daether.dependencyCollector.impl=bf 
java_command: c:\Users\Johnny\.antigravity-ide\extensions\redhat.java-1.54.0-win32-x64\server\plugins\org.eclipse.equinox.launcher_1.7.100.v20251111-0406.jar -configuration c:\Users\Johnny\AppData\Roaming\Antigravity IDE\User\globalStorage\redhat.java\1.54.0\config_win -data c:\Users\Johnny\AppData\Roaming\Antigravity IDE\User\workspaceStorage\f5ff97b3b31b1eeeb501d9c5edb64fde\redhat.java\jdt_ws --pipe=\\.\pipe\lsp-2751eb9ab56d8970e9719de1a93da29a-sock
java_class_path (initial): c:\Users\Johnny\.antigravity-ide\extensions\redhat.java-1.54.0-win32-x64\server\plugins\org.eclipse.equinox.launcher_1.7.100.v20251111-0406.jar
Launcher Type: SUN_STANDARD

[Global flags]
    uintx AdaptiveSizePolicyWeight                 = 90                                        {product} {command line}
     intx CICompilerCount                          = 3                                         {product} {ergonomic}
    uintx GCTimeRatio                              = 4                                         {product} {command line}
     bool HeapDumpOnOutOfMemoryError               = true                                   {manageable} {command line}
    ccstr HeapDumpPath                             = c:\Users\Johnny\AppData\Roaming\Antigravity IDE\User\workspaceStorage\f5ff97b3b31b1eeeb501d9c5edb64fde\redhat.java         {manageable} {command line}
   size_t InitialHeapSize                          = 104857600                                 {product} {command line}
   size_t MaxHeapSize                              = 2147483648                                {product} {command line}
   size_t MaxNewSize                               = 715653120                                 {product} {ergonomic}
   size_t MinHeapDeltaBytes                        = 524288                                    {product} {ergonomic}
   size_t MinHeapSize                              = 104857600                                 {product} {command line}
   size_t NewSize                                  = 34603008                                  {product} {ergonomic}
    uintx NonNMethodCodeHeapSize                   = 5832780                                {pd product} {ergonomic}
    uintx NonProfiledCodeHeapSize                  = 122912730                              {pd product} {ergonomic}
   size_t OldSize                                  = 70254592                                  {product} {ergonomic}
    uintx ProfiledCodeHeapSize                     = 122912730                              {pd product} {ergonomic}
    uintx ReservedCodeCacheSize                    = 251658240                              {pd product} {ergonomic}
     bool SegmentedCodeCache                       = true                                      {product} {ergonomic}
   size_t SoftMaxHeapSize                          = 2147483648                             {manageable} {ergonomic}
     bool UseCompressedOops                        = true                           {product lp64_product} {ergonomic}
     bool UseLargePagesIndividualAllocation        = false                                  {pd product} {ergonomic}
     bool UseParallelGC                            = true                                      {product} {command line}

Logging:
Log output configuration:
 #0: stdout all=off uptime,level,tags foldmultilines=false
 #1: stderr all=off uptime,level,tags foldmultilines=false

Release file:
JAVA_VERSION="21.0.10" 
MODULES="java.base java.compiler java.datatransfer java.xml java.prefs java.desktop java.instrument java.logging java.management java.security.sasl java.naming java.rmi java.management.rmi java.net.http java.scripting java.security.jgss java.transaction.xa java.sql java.sql.rowset java.xml.crypto java.se java.smartcardio jdk.accessibility jdk.internal.jvmstat jdk.attach jdk.charsets jdk.internal.opt jdk.zipfs jdk.compiler jdk.crypto.ec jdk.crypto.cryptoki jdk.crypto.mscapi jdk.dynalink jdk.internal.ed jdk.editpad jdk.hotspot.agent jdk.httpserver jdk.internal.le jdk.internal.vm.ci jdk.internal.vm.compiler jdk.internal.vm.compiler.management jdk.jartool jdk.javadoc jdk.jcmd jdk.management jdk.management.agent jdk.jconsole jdk.jdeps jdk.jdwp.agent jdk.jdi jdk.jfr jdk.jshell jdk.jsobject jdk.jstatd jdk.localedata jdk.management.jfr jdk.naming.dns jdk.naming.rmi jdk.net jdk.nio.mapmode jdk.random jdk.sctp jdk.security.auth jdk.security.jgss jdk.unsupported jdk.unsupported.desktop jdk.xml.dom" 

Environment Variables:
PATH=C:\Program Files\Common Files\Oracle\Java\javapath;C:\Windows\system32;C:\Windows;C:\Windows\System32\Wbem;C:\Windows\System32\WindowsPowerShell\v1.0\;C:\Windows\System32\OpenSSH\;C:\Program Files\nodejs\;C:\ProgramData\chocolatey\bin;C:\Program Files\apache-maven-3.9.16\bin;C:\Program Files\Git\cmd;C:\Program Files\Docker\Docker\resources\bin;C:\Users\Johnny\.pyenv\pyenv-win\bin;C:\Users\Johnny\.pyenv\pyenv-win\shims;C:\Users\Johnny\AppData\Local\Microsoft\WindowsApps;C:\Users\Johnny\AppData\Roaming\npm;C:\Users\Johnny\AppData\Local\Programs\Antigravity IDE\bin;C:\Users\Johnny\AppData\Local\Programs\Microsoft VS Code\bin
USERNAME=Johnny
OS=Windows_NT
PROCESSOR_IDENTIFIER=Intel64 Family 6 Model 78 Stepping 3, GenuineIntel
TMP=C:\Users\Johnny\AppData\Local\Temp
TEMP=C:\Users\Johnny\AppData\Local\Temp




Periodic native trim disabled

---------------  S Y S T E M  ---------------

OS:
 Windows 10 , 64 bit Build 19041 (10.0.19041.5915)
OS uptime: 0 days 0:05 hours
Hyper-V role detected

CPU: total 4 (initial active 4) (2 cores per cpu, 2 threads per core) family 6 model 78 stepping 3 microcode 0xcc, cx8, cmov, fxsr, ht, mmx, 3dnowpref, sse, sse2, sse3, ssse3, sse4.1, sse4.2, popcnt, lzcnt, tsc, tscinvbit, avx, avx2, aes, erms, clmul, bmi1, bmi2, adx, fma, vzeroupper, clflush, clflushopt, hv, rdtscp, f16c
Processor Information for the first 4 processors :
  Max Mhz: 2400, Current Mhz: 2400, Mhz Limit: 2400

Memory: 4k page, system-wide physical 7592M (2123M free)
TotalPageFile size 9448M (AvailPageFile size 3100M)
current process WorkingSet (physical memory assigned to process): 692M, peak: 692M
current process commit charge ("private bytes"): 707M, peak: 707M

vm_info: OpenJDK 64-Bit Server VM (21.0.10+7-LTS) for windows-amd64 JRE (21.0.10+7-LTS), built on 2026-01-20T00:00:00Z by "admin" with MS VC++ 17.12 (VS2022)

END.
